
> platform-architecture-bootstrap@0.1.0 dev
> next dev --port 3002

   ▲ Next.js 15.3.5
   - Local:        http://localhost:3002
   - Network:      http://172.21.240.1:3002
   - Environments: .env.local

 ✓ Starting...
 ✓ Ready in 2.1s
 ○ Compiling /api/v1/session ...
 ✓ Compiled /api/v1/session in 1171ms (545 modules)
 GET /api/v1/session 200 in 1385ms
 ✓ Compiled /api/v1/uploads/init in 171ms (550 modules)
[uploads/init] Unexpected error: SyntaxError: Expected property name or '}' in JSON at position 1 (line 1 column 2)
    at JSON.parse (<anonymous>)
 POST /api/v1/uploads/init 500 in 275ms
 POST /api/v1/uploads/init 201 in 148ms
 ✓ Compiled /api/v1/uploads/[uploadId] in 111ms (552 modules)
 GET /api/v1/uploads/fake-upload-id 422 in 960ms
 ✓ Compiled /api/v1/uploads/[uploadId]/complete in 126ms (554 modules)
 POST /api/v1/uploads/fake-upload-id/complete 422 in 861ms
 ✓ Compiled in 1120ms
 ⨯ [Error: EPERM: operation not permitted, open 'C:\Users\dimaa\OneDrive\Desktop\notion_integration\New folder (3)\.next\server\server-reference-manifest.js'] {
  errno: -4048,
  code: 'EPERM',
  syscall: 'open',
  path: 'C:\\Users\\dimaa\\OneDrive\\Desktop\\notion_integration\\New folder (3)\\.next\\server\\server-reference-manifest.js'
}
[Error: EPERM: operation not permitted, open 'C:\Users\dimaa\OneDrive\Desktop\notion_integration\New folder (3)\.next\server\server-reference-manifest.js'] {
  errno: -4048,
  code: 'EPERM',
  syscall: 'open',
  path: 'C:\\Users\\dimaa\\OneDrive\\Desktop\\notion_integration\\New folder (3)\\.next\\server\\server-reference-manifest.js'
}
[Error: EPERM: operation not permitted, open 'C:\Users\dimaa\OneDrive\Desktop\notion_integration\New folder (3)\.next\server\server-reference-manifest.js'] {
  errno: -4048,
  code: 'EPERM',
  syscall: 'open',
  path: 'C:\\Users\\dimaa\\OneDrive\\Desktop\\notion_integration\\New folder (3)\\.next\\server\\server-reference-manifest.js'
}
 ⨯ [Error: EPERM: operation not permitted, open 'C:\Users\dimaa\OneDrive\Desktop\notion_integration\New folder (3)\.next\server\server-reference-manifest.js'] {
  errno: -4048,
  code: 'EPERM',
  syscall: 'open',
  path: 'C:\\Users\\dimaa\\OneDrive\\Desktop\\notion_integration\\New folder (3)\\.next\\server\\server-reference-manifest.js'
}
[Error: EPERM: operation not permitted, open 'C:\Users\dimaa\OneDrive\Desktop\notion_integration\New folder (3)\.next\server\server-reference-manifest.js'] {
  errno: -4048,
  code: 'EPERM',
  syscall: 'open',
  path: 'C:\\Users\\dimaa\\OneDrive\\Desktop\\notion_integration\\New folder (3)\\.next\\server\\server-reference-manifest.js'
}
[Error: EPERM: operation not permitted, open 'C:\Users\dimaa\OneDrive\Desktop\notion_integration\New folder (3)\.next\server\server-reference-manifest.js'] {
  errno: -4048,
  code: 'EPERM',
  syscall: 'open',
  path: 'C:\\Users\\dimaa\\OneDrive\\Desktop\\notion_integration\\New folder (3)\\.next\\server\\server-reference-manifest.js'
}
